<?xml version="1.0" encoding="UTF-8"?>
<!-- Generated by org.testng.reporters.JUnitReportReporter -->
<testsuite hostname="Naveenpatel" failures="0" tests="1" name="com.RadioButtonsTesting.ApplicationEchoEcho" time="12.663" errors="0" timestamp="2024-02-17T00:17:50 IST" skipped="0">
  <testcase classname="com.RadioButtonsTesting.ApplicationEchoEcho" name="RadioButtonsTesting" time="12.663"/>
</testsuite> <!-- com.RadioButtonsTesting.ApplicationEchoEcho -->
