<?xml version="1.0" encoding="UTF-8"?>
<!-- Generated by org.testng.reporters.JUnitReportReporter -->
<testsuite hostname="Naveenpatel" failures="0" tests="1" name="com.webtable.Pratice" time="3.960" errors="0" timestamp="2024-02-09T23:32:19 IST" skipped="0">
  <testcase classname="com.webtable.Pratice" name="getting_CompleteWebTableData" time="3.960"/>
  <system-out/>
</testsuite> <!-- com.webtable.Pratice -->
