<?xml version="1.0" encoding="UTF-8"?>
<!-- Generated by org.testng.reporters.JUnitReportReporter -->
<testsuite hostname="Naveenpatel" failures="0" tests="1" name="com.webtable.CapturingCompleteWebTableData" time="4.529" errors="0" timestamp="2024-02-10T23:48:58 IST" skipped="0">
  <testcase classname="com.webtable.CapturingCompleteWebTableData" name="dynamicWebTableData" time="4.529"/>
  <system-out/>
</testsuite> <!-- com.webtable.CapturingCompleteWebTableData -->
