<?xml version="1.0" encoding="UTF-8"?>
<!-- Generated by org.testng.reporters.JUnitReportReporter -->
<testsuite hostname="Naveenpatel" failures="0" tests="1" name="com.webtable.FirstColumn_GetCItyNames" time="1.102" errors="0" timestamp="2024-02-09T00:55:37 IST" skipped="0">
  <testcase classname="com.webtable.FirstColumn_GetCItyNames" name="firstColun_CityNames" time="1.102"/>
  <system-out/>
</testsuite> <!-- com.webtable.FirstColumn_GetCItyNames -->
