<?xml version="1.0" encoding="UTF-8"?>
<!-- Generated by org.testng.reporters.JUnitReportReporter -->
<testsuite hostname="Naveenpatel" failures="0" tests="4" name="com.Orangehrm.OrangeHrm_LoginFunctionality" time="6.579" errors="0" timestamp="2024-02-17T21:18:45 IST" skipped="0">
  <testcase classname="com.Orangehrm.OrangeHrm_LoginFunctionality" name="Login_functionality" time="2.930"/>
  <system-out/>
  <testcase classname="com.Orangehrm.OrangeHrm_LoginFunctionality" name="welComeAdmin" time="2.920"/>
  <system-out/>
  <testcase classname="com.Orangehrm.OrangeHrm_LoginFunctionality" name="Invalidcredentials" time="0.047"/>
  <system-out/>
  <testcase classname="com.Orangehrm.OrangeHrm_LoginFunctionality" name="AfterLogout" time="0.682"/>
  <system-out/>
</testsuite> <!-- com.Orangehrm.OrangeHrm_LoginFunctionality -->
