<?xml version="1.0" encoding="UTF-8"?>
<!-- Generated by org.testng.reporters.JUnitReportReporter -->
<testsuite hostname="Naveenpatel" failures="0" tests="4" name="com.forParalleltesting.EmployeeList" time="15.375" errors="0" timestamp="2024-02-15T09:58:46 IST" skipped="0">
  <testcase classname="com.forParalleltesting.EmployeeList" name="loginFunctionality" time="1.507"/>
  <system-out/>
  <testcase classname="com.forParalleltesting.EmployeeList" name="pimMouseHover" time="6.389"/>
  <system-out/>
  <testcase classname="com.forParalleltesting.EmployeeList" name="webTableData" time="3.638"/>
  <system-out/>
  <testcase classname="com.forParalleltesting.EmployeeList" name="loginPanelAfterLogout" time="3.841"/>
  <system-out/>
</testsuite> <!-- com.forParalleltesting.EmployeeList -->
