<?xml version="1.0" encoding="UTF-8"?>
<!-- Generated by org.testng.reporters.JUnitReportReporter -->
<testsuite hostname="Naveenpatel" failures="0" tests="1" name="com.webtable.Complete_WebTable_data" time="4.575" errors="0" timestamp="2024-02-10T01:55:46 IST" skipped="0">
  <testcase classname="com.webtable.Complete_WebTable_data" name="getData_DynamicWebTable" time="4.575"/>
  <system-out/>
</testsuite> <!-- com.webtable.Complete_WebTable_data -->
