<?xml version="1.0" encoding="UTF-8"?>
<!-- Generated by org.testng.reporters.JUnitReportReporter -->
<testsuite hostname="Naveenpatel" failures="0" tests="1" name="com.forParalleltesting.Login_functionality_withvalid_and_invalidTestdata" time="10.597" errors="0" timestamp="2024-02-17T21:23:52 IST" skipped="0">
  <testcase classname="com.forParalleltesting.Login_functionality_withvalid_and_invalidTestdata" name="Login_functionality" time="10.597"/>
  <system-out/>
</testsuite> <!-- com.forParalleltesting.Login_functionality_withvalid_and_invalidTestdata -->
