<?xml version="1.0" encoding="UTF-8"?>
<!-- Generated by org.testng.reporters.JUnitReportReporter -->
<testsuite hostname="Naveenpatel" failures="0" tests="5" name="com.forParalleltesting.Add_Employee_Multiple_Functionality" time="51.839" errors="0" timestamp="2024-02-17T21:22:13 IST" skipped="0">
  <testcase classname="com.forParalleltesting.Add_Employee_Multiple_Functionality" name="OHRM_Login_functionality" time="1.784"/>
  <system-out/>
  <testcase classname="com.forParalleltesting.Add_Employee_Multiple_Functionality" name="pim_Test" time="0.165"/>
  <system-out/>
  <testcase classname="com.forParalleltesting.Add_Employee_Multiple_Functionality" name="add_EmployeeTest" time="0.855"/>
  <system-out/>
  <testcase classname="com.forParalleltesting.Add_Employee_Multiple_Functionality" name="add_NewEmployeeTest" time="44.890"/>
  <system-out/>
  <testcase classname="com.forParalleltesting.Add_Employee_Multiple_Functionality" name="Loginpanelafterlogout" time="4.145"/>
  <system-out/>
</testsuite> <!-- com.forParalleltesting.Add_Employee_Multiple_Functionality -->
