<?xml version="1.0" encoding="UTF-8"?>
<!-- Generated by org.testng.reporters.JUnitReportReporter -->
<testsuite hostname="Naveenpatel" failures="0" tests="2" name="com.Orangehrm.BaseTest" time="3.034" errors="0" timestamp="2024-02-07T23:18:24 IST" skipped="0">
  <testcase classname="com.Orangehrm.BaseTest" name="tearDown" time="0.180"/>
  <system-out/>
  <testcase classname="com.Orangehrm.BaseTest" name="setUp" time="2.854"/>
  <system-out/>
</testsuite> <!-- com.Orangehrm.BaseTest -->
