<?xml version="1.0" encoding="UTF-8"?>
<!-- Generated by org.testng.reporters.JUnitReportReporter -->
<testsuite hostname="Naveenpatel" failures="0" tests="4" name="com.Orangehrm.EmployeeList" time="15.583" errors="0" timestamp="2024-02-11T12:59:59 IST" skipped="0">
  <testcase classname="com.Orangehrm.EmployeeList" name="loginFunctionality" time="1.109"/>
  <system-out/>
  <testcase classname="com.Orangehrm.EmployeeList" name="pimMouseHover" time="5.691"/>
  <system-out/>
  <testcase classname="com.Orangehrm.EmployeeList" name="webTableData" time="5.295"/>
  <system-out/>
  <testcase classname="com.Orangehrm.EmployeeList" name="loginPanelAfterLogout" time="3.488"/>
  <system-out/>
</testsuite> <!-- com.Orangehrm.EmployeeList -->
