<?xml version="1.0" encoding="UTF-8"?>
<!-- Generated by org.testng.reporters.JUnitReportReporter -->
<testsuite hostname="Naveenpatel" failures="0" tests="1" name="com.webtable.WebTable_FirstRow_FirstRowOfCell_GetCityName" time="0.153" errors="0" timestamp="2024-02-09T00:53:23 IST" skipped="0">
  <testcase classname="com.webtable.WebTable_FirstRow_FirstRowOfCell_GetCityName" name="webTable_getCityName" time="0.153"/>
  <system-out/>
</testsuite> <!-- com.webtable.WebTable_FirstRow_FirstRowOfCell_GetCityName -->
