<?xml version="1.0" encoding="UTF-8"?>
<!-- Generated by org.testng.reporters.JUnitReportReporter -->
<testsuite hostname="Naveenpatel" failures="0" tests="3" name="com.OrangeHRMApplicationPagesTests.LogInPageTest" time="11.325" errors="0" timestamp="2024-02-17T23:21:24 IST" skipped="0">
  <testcase classname="com.OrangeHRMApplicationPagesTests.LogInPageTest" name="orangeHRMApplicationLogInPage_logInPannelTextTest" time="2.148"/>
  <testcase classname="com.OrangeHRMApplicationPagesTests.LogInPageTest" name="orangeHRMApplicationLogInPage_LogoValidationTest" time="1.470"/>
  <testcase classname="com.OrangeHRMApplicationPagesTests.LogInPageTest" name="orangeHRMApplicationLogInPage_LogInTest" time="7.707"/>
</testsuite> <!-- com.OrangeHRMApplicationPagesTests.LogInPageTest -->
